2016-05-31 17:45:43 Error: [MissingControllerException] Controller class CssController could not be found.
Exception Attributes: array (
  'class' => 'CssController',
  'plugin' => NULL,
)
Request URL: /qtp_dw/css/bootstrap.min.css.map
Stack Trace:
#0 C:\xampp\htdocs\qtp_dw\webroot\index.php(111): Dispatcher->dispatch(Object(CakeRequest), Object(CakeResponse))
#1 {main}
2016-05-31 17:46:26 Error: [MissingControllerException] Controller class CssController could not be found.
Exception Attributes: array (
  'class' => 'CssController',
  'plugin' => NULL,
)
Request URL: /qtp_dw/css/bootstrap.min.css.map
Stack Trace:
#0 C:\xampp\htdocs\qtp_dw\webroot\index.php(111): Dispatcher->dispatch(Object(CakeRequest), Object(CakeResponse))
#1 {main}
2016-05-31 17:46:52 Error: Fatal Error (4): syntax error, unexpected '/' in [C:\xampp\htdocs\qtp_dw\View\Facts\index.ctp, line 5]
2016-05-31 17:46:52 Error: [FatalErrorException] syntax error, unexpected '/'
Request URL: /qtp_dw/facts
Stack Trace:
#0 C:\cake\lib\Cake\Error\ErrorHandler.php(213): ErrorHandler::handleFatalError(4, 'syntax error, u...', 'C:\\xampp\\htdocs...', 5)
#1 [internal function]: ErrorHandler::handleError(4, 'syntax error, u...', 'C:\\xampp\\htdocs...', 5, Array)
#2 C:\cake\lib\Cake\Core\App.php(933): call_user_func('ErrorHandler::h...', 4, 'syntax error, u...', 'C:\\xampp\\htdocs...', 5, Array)
#3 C:\cake\lib\Cake\Core\App.php(906): App::_checkFatalError()
#4 [internal function]: App::shutdown()
#5 {main}
2016-05-31 17:46:53 Error: [MissingControllerException] Controller class CssController could not be found.
Exception Attributes: array (
  'class' => 'CssController',
  'plugin' => NULL,
)
Request URL: /qtp_dw/css/bootstrap.min.css.map
Stack Trace:
#0 C:\xampp\htdocs\qtp_dw\webroot\index.php(111): Dispatcher->dispatch(Object(CakeRequest), Object(CakeResponse))
#1 {main}
2016-05-31 17:47:06 Error: [MissingControllerException] Controller class CssController could not be found.
Exception Attributes: array (
  'class' => 'CssController',
  'plugin' => NULL,
)
Request URL: /qtp_dw/css/bootstrap.min.css.map
Stack Trace:
#0 C:\xampp\htdocs\qtp_dw\webroot\index.php(111): Dispatcher->dispatch(Object(CakeRequest), Object(CakeResponse))
#1 {main}
2016-05-31 17:47:23 Error: [MissingControllerException] Controller class CssController could not be found.
Exception Attributes: array (
  'class' => 'CssController',
  'plugin' => NULL,
)
Request URL: /qtp_dw/css/bootstrap.min.css.map
Stack Trace:
#0 C:\xampp\htdocs\qtp_dw\webroot\index.php(111): Dispatcher->dispatch(Object(CakeRequest), Object(CakeResponse))
#1 {main}
2016-05-31 17:47:43 Error: [MissingControllerException] Controller class CssController could not be found.
Exception Attributes: array (
  'class' => 'CssController',
  'plugin' => NULL,
)
Request URL: /qtp_dw/css/bootstrap.min.css.map
Stack Trace:
#0 C:\xampp\htdocs\qtp_dw\webroot\index.php(111): Dispatcher->dispatch(Object(CakeRequest), Object(CakeResponse))
#1 {main}
2016-05-31 17:48:15 Error: [MissingControllerException] Controller class CssController could not be found.
Exception Attributes: array (
  'class' => 'CssController',
  'plugin' => NULL,
)
Request URL: /qtp_dw/css/bootstrap.min.css.map
Stack Trace:
#0 C:\xampp\htdocs\qtp_dw\webroot\index.php(111): Dispatcher->dispatch(Object(CakeRequest), Object(CakeResponse))
#1 {main}
2016-05-31 17:48:52 Error: [MissingControllerException] Controller class CssController could not be found.
Exception Attributes: array (
  'class' => 'CssController',
  'plugin' => NULL,
)
Request URL: /qtp_dw/css/bootstrap.min.css.map
Stack Trace:
#0 C:\xampp\htdocs\qtp_dw\webroot\index.php(111): Dispatcher->dispatch(Object(CakeRequest), Object(CakeResponse))
#1 {main}
2016-05-31 17:49:51 Error: [MissingControllerException] Controller class CssController could not be found.
Exception Attributes: array (
  'class' => 'CssController',
  'plugin' => NULL,
)
Request URL: /qtp_dw/css/bootstrap.min.css.map
Stack Trace:
#0 C:\xampp\htdocs\qtp_dw\webroot\index.php(111): Dispatcher->dispatch(Object(CakeRequest), Object(CakeResponse))
#1 {main}
2016-05-31 17:51:05 Error: [MissingControllerException] Controller class CssController could not be found.
Exception Attributes: array (
  'class' => 'CssController',
  'plugin' => NULL,
)
Request URL: /qtp_dw/css/bootstrap.min.css.map
Stack Trace:
#0 C:\xampp\htdocs\qtp_dw\webroot\index.php(111): Dispatcher->dispatch(Object(CakeRequest), Object(CakeResponse))
#1 {main}
2016-05-31 17:51:19 Error: [MissingControllerException] Controller class ImgController could not be found.
Exception Attributes: array (
  'class' => 'ImgController',
  'plugin' => NULL,
)
Request URL: /qtp_dw/img/landing.jpg
Stack Trace:
#0 C:\xampp\htdocs\qtp_dw\webroot\index.php(111): Dispatcher->dispatch(Object(CakeRequest), Object(CakeResponse))
#1 {main}
2016-05-31 17:51:19 Error: [MissingControllerException] Controller class ImgController could not be found.
Exception Attributes: array (
  'class' => 'ImgController',
  'plugin' => NULL,
)
Request URL: /qtp_dw/img/landingj.jpg
Stack Trace:
#0 C:\xampp\htdocs\qtp_dw\webroot\index.php(111): Dispatcher->dispatch(Object(CakeRequest), Object(CakeResponse))
#1 {main}
2016-05-31 17:51:19 Error: [MissingControllerException] Controller class ImgController could not be found.
Exception Attributes: array (
  'class' => 'ImgController',
  'plugin' => NULL,
)
Request URL: /qtp_dw/img/landingjp.jpg
Stack Trace:
#0 C:\xampp\htdocs\qtp_dw\webroot\index.php(111): Dispatcher->dispatch(Object(CakeRequest), Object(CakeResponse))
#1 {main}
2016-05-31 17:52:35 Error: [MissingControllerException] Controller class CssController could not be found.
Exception Attributes: array (
  'class' => 'CssController',
  'plugin' => NULL,
)
Request URL: /qtp_dw/css/bootstrap.min.css.map
Stack Trace:
#0 C:\xampp\htdocs\qtp_dw\webroot\index.php(111): Dispatcher->dispatch(Object(CakeRequest), Object(CakeResponse))
#1 {main}
2016-05-31 17:52:41 Error: [MissingControllerException] Controller class ImgController could not be found.
Exception Attributes: array (
  'class' => 'ImgController',
  'plugin' => NULL,
)
Request URL: /qtp_dw/img/landingjp.jpg
Stack Trace:
#0 C:\xampp\htdocs\qtp_dw\webroot\index.php(111): Dispatcher->dispatch(Object(CakeRequest), Object(CakeResponse))
#1 {main}
2016-05-31 17:52:41 Error: [MissingControllerException] Controller class ImgController could not be found.
Exception Attributes: array (
  'class' => 'ImgController',
  'plugin' => NULL,
)
Request URL: /qtp_dw/img/landingj.jpg
Stack Trace:
#0 C:\xampp\htdocs\qtp_dw\webroot\index.php(111): Dispatcher->dispatch(Object(CakeRequest), Object(CakeResponse))
#1 {main}
2016-05-31 17:52:41 Error: [MissingControllerException] Controller class ImgController could not be found.
Exception Attributes: array (
  'class' => 'ImgController',
  'plugin' => NULL,
)
Request URL: /qtp_dw/img/landing.jpg
Stack Trace:
#0 C:\xampp\htdocs\qtp_dw\webroot\index.php(111): Dispatcher->dispatch(Object(CakeRequest), Object(CakeResponse))
#1 {main}
2016-05-31 17:52:42 Error: [MissingControllerException] Controller class ImgController could not be found.
Exception Attributes: array (
  'class' => 'ImgController',
  'plugin' => NULL,
)
Request URL: /qtp_dw/img/landin.jpg
Stack Trace:
#0 C:\xampp\htdocs\qtp_dw\webroot\index.php(111): Dispatcher->dispatch(Object(CakeRequest), Object(CakeResponse))
#1 {main}
2016-05-31 17:52:43 Error: [MissingControllerException] Controller class ImgController could not be found.
Exception Attributes: array (
  'class' => 'ImgController',
  'plugin' => NULL,
)
Request URL: /qtp_dw/img/landing.jpg
Stack Trace:
#0 C:\xampp\htdocs\qtp_dw\webroot\index.php(111): Dispatcher->dispatch(Object(CakeRequest), Object(CakeResponse))
#1 {main}
2016-05-31 17:53:18 Error: [MissingControllerException] Controller class CssController could not be found.
Exception Attributes: array (
  'class' => 'CssController',
  'plugin' => NULL,
)
Request URL: /qtp_dw/css/bootstrap.min.css.map
Stack Trace:
#0 C:\xampp\htdocs\qtp_dw\webroot\index.php(111): Dispatcher->dispatch(Object(CakeRequest), Object(CakeResponse))
#1 {main}
2016-05-31 17:53:42 Error: [MissingControllerException] Controller class CssController could not be found.
Exception Attributes: array (
  'class' => 'CssController',
  'plugin' => NULL,
)
Request URL: /qtp_dw/css/bootstrap.min.css.map
Stack Trace:
#0 C:\xampp\htdocs\qtp_dw\webroot\index.php(111): Dispatcher->dispatch(Object(CakeRequest), Object(CakeResponse))
#1 {main}
2016-05-31 17:55:56 Error: [MissingControllerException] Controller class CssController could not be found.
Exception Attributes: array (
  'class' => 'CssController',
  'plugin' => NULL,
)
Request URL: /qtp_dw/css/bootstrap.min.css.map
Stack Trace:
#0 C:\xampp\htdocs\qtp_dw\webroot\index.php(111): Dispatcher->dispatch(Object(CakeRequest), Object(CakeResponse))
#1 {main}
2016-05-31 17:58:10 Error: [MissingControllerException] Controller class CssController could not be found.
Exception Attributes: array (
  'class' => 'CssController',
  'plugin' => NULL,
)
Request URL: /qtp_dw/css/bootstrap.min.css.map
Stack Trace:
#0 C:\xampp\htdocs\qtp_dw\webroot\index.php(111): Dispatcher->dispatch(Object(CakeRequest), Object(CakeResponse))
#1 {main}
2016-05-31 18:00:10 Error: [MissingControllerException] Controller class CssController could not be found.
Exception Attributes: array (
  'class' => 'CssController',
  'plugin' => NULL,
)
Request URL: /qtp_dw/css/bootstrap.min.css.map
Stack Trace:
#0 C:\xampp\htdocs\qtp_dw\webroot\index.php(111): Dispatcher->dispatch(Object(CakeRequest), Object(CakeResponse))
#1 {main}
